<?xml version="1.0" encoding="UTF-8"?>
<!-- Generated by org.testng.reporters.JUnitReportReporter -->
<testsuite hostname="Swapna" failures="0" tests="3" name="Sample_Repo.Program1" time="0.011" errors="0" timestamp="2024-07-22T13:07:06 IST" skipped="0">
  <testcase classname="Sample_Repo.Program1" name="createUser" time="0.008"/>
  <system-out/>
  <testcase classname="Sample_Repo.Program1" name="modifyUser" time="0.001"/>
  <system-out/>
  <testcase classname="Sample_Repo.Program1" name="deleteUser" time="0.002"/>
  <system-out/>
</testsuite> <!-- Sample_Repo.Program1 -->
