<?xml version="1.0" encoding="UTF-8"?>
<!-- Generated by org.testng.reporters.JUnitReportReporter -->
<testsuite hostname="Swapna" failures="0" tests="1" name="testcase_repo.CON_01" time="11.713" errors="0" timestamp="2024-08-01T16:11:57 IST" skipped="0">
  <testcase classname="testcase_repo.CON_01" name="con_01" time="11.713"/>
  <system-out/>
</testsuite> <!-- testcase_repo.CON_01 -->
