<?xml version="1.0" encoding="UTF-8"?>
<!-- Generated by org.testng.reporters.JUnitReportReporter -->
<testsuite hostname="Swapna" failures="0" tests="1" name="Sample_Repo.Program2" time="0.006" errors="0" timestamp="2024-07-31T11:53:00 IST" skipped="0">
  <testcase classname="Sample_Repo.Program2" name="deleteUser" time="0.006"/>
  <system-out/>
</testsuite> <!-- Sample_Repo.Program2 -->
