<?xml version="1.0" encoding="UTF-8"?>
<!-- Generated by org.testng.reporters.JUnitReportReporter -->
<testsuite hostname="Swapna" failures="0" tests="2" name="Sample_Repo.program4" time="0.015" errors="0" timestamp="2024-07-31T14:33:20 IST" skipped="0">
  <testcase classname="Sample_Repo.program4" name="Strictlevelcomparision" time="0.014"/>
  <system-out/>
  <testcase classname="Sample_Repo.program4" name="containslevel" time="0.001"/>
  <system-out/>
</testsuite> <!-- Sample_Repo.program4 -->
